<?xml version="1.0" encoding="UTF-8"?>
<!-- Generated by org.testng.reporters.JUnitReportReporter -->
<testsuite skipped="0" hostname="SKS" name="Testpack1.program2" tests="3" failures="0" timestamp="2019-10-11T16:52:13 PDT" time="0.007" errors="0">
  <testcase name="a" time="0.002" classname="Testpack1.program2"/>
  <testcase name="c" time="0.002" classname="Testpack1.program2"/>
  <testcase name="A" time="0.003" classname="Testpack1.program2"/>
</testsuite> <!-- Testpack1.program2 -->
