<?xml version="1.0" encoding="UTF-8"?>
<!-- Generated by org.testng.reporters.JUnitReportReporter -->
<testsuite skipped="0" hostname="SKS" name="Testpack1.program1" tests="2" failures="0" timestamp="2019-10-11T16:52:13 PDT" time="0.013" errors="0">
  <testcase name="ttest2" time="0.001" classname="Testpack1.program1"/>
  <testcase name="test1" time="0.012" classname="Testpack1.program1"/>
</testsuite> <!-- Testpack1.program1 -->
